0 info it worked if it ends with ok
1 verbose cli [ 'node', '/usr/local/bin/npm', 'install', 'react-avatar-editor' ]
2 info using npm@2.13.5
3 info using node@v0.12.5
4 verbose install initial load of /Users/Richie/Documents/Github/SoundHub/package.json
5 verbose installManyTop reading scoped package data from /Users/Richie/Documents/Github/SoundHub/node_modules/assert/package.json
6 verbose installManyTop reading scoped package data from /Users/Richie/Documents/Github/SoundHub/node_modules/babel-jest/package.json
7 verbose installManyTop reading scoped package data from /Users/Richie/Documents/Github/SoundHub/node_modules/babelify/package.json
8 verbose installManyTop reading scoped package data from /Users/Richie/Documents/Github/SoundHub/node_modules/bcrypt/package.json
9 verbose installManyTop reading scoped package data from /Users/Richie/Documents/Github/SoundHub/node_modules/bluebird/package.json
10 verbose installManyTop reading scoped package data from /Users/Richie/Documents/Github/SoundHub/node_modules/body-parser/package.json
11 verbose installManyTop reading scoped package data from /Users/Richie/Documents/Github/SoundHub/node_modules/bootstrap/package.json
12 verbose installManyTop reading scoped package data from /Users/Richie/Documents/Github/SoundHub/node_modules/browserify/package.json
13 verbose installManyTop reading scoped package data from /Users/Richie/Documents/Github/SoundHub/node_modules/chai/package.json
14 verbose installManyTop reading scoped package data from /Users/Richie/Documents/Github/SoundHub/node_modules/classnames/package.json
15 verbose installManyTop reading scoped package data from /Users/Richie/Documents/Github/SoundHub/node_modules/d3/package.json
16 verbose installManyTop reading scoped package data from /Users/Richie/Documents/Github/SoundHub/node_modules/events/package.json
17 verbose installManyTop reading scoped package data from /Users/Richie/Documents/Github/SoundHub/node_modules/express/package.json
18 verbose installManyTop reading scoped package data from /Users/Richie/Documents/Github/SoundHub/node_modules/express-session/package.json
19 verbose installManyTop reading scoped package data from /Users/Richie/Documents/Github/SoundHub/node_modules/flux/package.json
20 verbose installManyTop reading scoped package data from /Users/Richie/Documents/Github/SoundHub/node_modules/fs/package.json
21 verbose installManyTop reading scoped package data from /Users/Richie/Documents/Github/SoundHub/node_modules/gulp/package.json
22 verbose installManyTop reading scoped package data from /Users/Richie/Documents/Github/SoundHub/node_modules/gulp-babel/package.json
23 verbose installManyTop reading scoped package data from /Users/Richie/Documents/Github/SoundHub/node_modules/gulp-concat/package.json
24 verbose installManyTop reading scoped package data from /Users/Richie/Documents/Github/SoundHub/node_modules/gulp-jest/package.json
25 verbose installManyTop reading scoped package data from /Users/Richie/Documents/Github/SoundHub/node_modules/gulp-mocha/package.json
26 verbose installManyTop reading scoped package data from /Users/Richie/Documents/Github/SoundHub/node_modules/gulp-nodemon/package.json
27 verbose installManyTop reading scoped package data from /Users/Richie/Documents/Github/SoundHub/node_modules/gulp-sass/package.json
28 verbose installManyTop reading scoped package data from /Users/Richie/Documents/Github/SoundHub/node_modules/gulp-sourcemaps/package.json
29 verbose installManyTop reading scoped package data from /Users/Richie/Documents/Github/SoundHub/node_modules/http/package.json
30 verbose installManyTop reading scoped package data from /Users/Richie/Documents/Github/SoundHub/node_modules/jest-cli/package.json
31 verbose installManyTop reading scoped package data from /Users/Richie/Documents/Github/SoundHub/node_modules/keymirror/package.json
32 verbose installManyTop reading scoped package data from /Users/Richie/Documents/Github/SoundHub/node_modules/lodash/package.json
33 verbose installManyTop reading scoped package data from /Users/Richie/Documents/Github/SoundHub/node_modules/markdown/package.json
34 verbose installManyTop reading scoped package data from /Users/Richie/Documents/Github/SoundHub/node_modules/mocha/package.json
35 verbose installManyTop reading scoped package data from /Users/Richie/Documents/Github/SoundHub/node_modules/node-uuid/package.json
36 verbose installManyTop reading scoped package data from /Users/Richie/Documents/Github/SoundHub/node_modules/object-assign/package.json
37 verbose installManyTop reading scoped package data from /Users/Richie/Documents/Github/SoundHub/node_modules/react/package.json
38 verbose installManyTop reading scoped package data from /Users/Richie/Documents/Github/SoundHub/node_modules/react-avatar-editor/package.json
39 verbose installManyTop reading scoped package data from /Users/Richie/Documents/Github/SoundHub/node_modules/react-bootstrap/package.json
40 verbose installManyTop reading scoped package data from /Users/Richie/Documents/Github/SoundHub/node_modules/react-bootstrap-select/package.json
41 verbose installManyTop reading scoped package data from /Users/Richie/Documents/Github/SoundHub/node_modules/react-dropzone/package.json
42 verbose installManyTop reading scoped package data from /Users/Richie/Documents/Github/SoundHub/node_modules/react-router/package.json
43 verbose installManyTop reading scoped package data from /Users/Richie/Documents/Github/SoundHub/node_modules/react-s3-uploader/package.json
44 verbose installManyTop reading scoped package data from /Users/Richie/Documents/Github/SoundHub/node_modules/react-soundplayer/package.json
45 verbose installManyTop reading scoped package data from /Users/Richie/Documents/Github/SoundHub/node_modules/request/package.json
46 verbose installManyTop reading scoped package data from /Users/Richie/Documents/Github/SoundHub/node_modules/sequelize/package.json
47 verbose installManyTop reading scoped package data from /Users/Richie/Documents/Github/SoundHub/node_modules/serve-favicon/package.json
48 verbose installManyTop reading scoped package data from /Users/Richie/Documents/Github/SoundHub/node_modules/sqlite3/package.json
49 verbose installManyTop reading scoped package data from /Users/Richie/Documents/Github/SoundHub/node_modules/vinyl-buffer/package.json
50 verbose installManyTop reading scoped package data from /Users/Richie/Documents/Github/SoundHub/node_modules/vinyl-source-stream/package.json
51 verbose installManyTop reading scoped package data from /Users/Richie/Documents/Github/SoundHub/node_modules/watchify/package.json
52 verbose installManyTop reading scoped package data from /Users/Richie/Documents/Github/SoundHub/node_modules/whatwg-fetch/package.json
53 info package.json babel-jest@5.3.0 No license field.
54 info package.json assert@1.3.0 assert is also the name of a node core module.
55 info package.json events@1.0.2 events is also the name of a node core module.
56 info package.json events@1.0.2 No license field.
57 info package.json flux@2.0.3 license should be a valid SPDX license expression
58 info package.json fs@0.0.2 fs is also the name of a node core module.
59 info package.json fs@0.0.2 No description
60 info package.json fs@0.0.2 No repository field.
61 info package.json fs@0.0.2 No README data
62 info package.json http@0.0.0 http is also the name of a node core module.
63 info package.json http@0.0.0 No description
64 info package.json http@0.0.0 No repository field.
65 info package.json markdown@0.5.0 No license field.
66 info package.json node-uuid@1.4.3 No license field.
67 info package.json keymirror@0.1.1 No license field.
68 info package.json react-soundplayer@0.2.0 No repository field.
69 info package.json sqlite3@3.0.10 No license field.
70 info package.json whatwg-fetch@0.9.0 No license field.
71 info package.json react-bootstrap-select@0.13.0 license should be a valid SPDX license expression
72 verbose readDependencies loading dependencies from /Users/Richie/Documents/Github/SoundHub/package.json
73 verbose install react-avatar-editor is installed as 1.3.6
74 silly cache add args [ 'react-avatar-editor', null ]
75 verbose cache add spec react-avatar-editor
76 silly cache add parsed spec { raw: 'react-avatar-editor',
76 silly cache add   scope: null,
76 silly cache add   name: 'react-avatar-editor',
76 silly cache add   rawSpec: '',
76 silly cache add   spec: '*',
76 silly cache add   type: 'range' }
77 silly addNamed react-avatar-editor@*
78 verbose addNamed "*" is a valid semver range for react-avatar-editor
79 silly addNameRange { name: 'react-avatar-editor', range: '*', hasData: false }
80 silly mapToRegistry name react-avatar-editor
81 silly mapToRegistry using default registry
82 silly mapToRegistry registry https://registry.npmjs.org/
83 silly mapToRegistry uri https://registry.npmjs.org/react-avatar-editor
84 verbose addNameRange registry:https://registry.npmjs.org/react-avatar-editor not in flight; fetching
85 verbose request uri https://registry.npmjs.org/react-avatar-editor
86 verbose request no auth needed
87 info attempt registry request try #1 at 12:30:18 PM
88 verbose request id 6bf964705cd37564
89 verbose etag "50WCYO7WZ931NRQ7J5KTDB5L9"
90 http request GET https://registry.npmjs.org/react-avatar-editor
91 http 304 https://registry.npmjs.org/react-avatar-editor
92 silly get cb [ 304,
92 silly get   { date: 'Mon, 17 Aug 2015 19:30:19 GMT',
92 silly get     via: '1.1 varnish',
92 silly get     'cache-control': 'max-age=60',
92 silly get     etag: '"50WCYO7WZ931NRQ7J5KTDB5L9"',
92 silly get     age: '0',
92 silly get     connection: 'keep-alive',
92 silly get     'x-served-by': 'cache-ord1721-ORD',
92 silly get     'x-cache': 'HIT',
92 silly get     'x-cache-hits': '1',
92 silly get     'x-timer': 'S1439839819.869323,VS0,VE36',
92 silly get     vary: 'Accept' } ]
93 verbose etag https://registry.npmjs.org/react-avatar-editor from cache
94 verbose get saving react-avatar-editor to /Users/Richie/.npm/registry.npmjs.org/react-avatar-editor/.cache.json
95 silly addNameRange number 2 { name: 'react-avatar-editor', range: '*', hasData: true }
96 silly addNameRange versions [ 'react-avatar-editor',
96 silly addNameRange   [ '0.3.0',
96 silly addNameRange     '0.3.1',
96 silly addNameRange     '0.3.2',
96 silly addNameRange     '0.3.3',
96 silly addNameRange     '0.3.4',
96 silly addNameRange     '0.4.0',
96 silly addNameRange     '0.4.1',
96 silly addNameRange     '0.4.2',
96 silly addNameRange     '0.4.5',
96 silly addNameRange     '0.4.6',
96 silly addNameRange     '0.4.7',
96 silly addNameRange     '0.4.8',
96 silly addNameRange     '0.4.9',
96 silly addNameRange     '0.4.14',
96 silly addNameRange     '1.0.0',
96 silly addNameRange     '1.1.0',
96 silly addNameRange     '1.1.1',
96 silly addNameRange     '1.1.2',
96 silly addNameRange     '1.2.2',
96 silly addNameRange     '1.2.3',
96 silly addNameRange     '1.2.5',
96 silly addNameRange     '1.2.6',
96 silly addNameRange     '1.3.6' ] ]
97 silly addNamed react-avatar-editor@1.3.6
98 verbose addNamed "1.3.6" is a plain semver version for react-avatar-editor
99 silly cache afterAdd react-avatar-editor@1.3.6
100 verbose afterAdd /Users/Richie/.npm/react-avatar-editor/1.3.6/package/package.json not in flight; writing
101 verbose afterAdd /Users/Richie/.npm/react-avatar-editor/1.3.6/package/package.json written
102 silly install resolved [ { name: 'react-avatar-editor',
102 silly install resolved     version: '1.3.6',
102 silly install resolved     description: 'Facebook like avatar / profile picture component. Resize and crop your uploaded image using a intutive user interface.',
102 silly install resolved     main: 'index.es5.js',
102 silly install resolved     scripts:
102 silly install resolved      { demo: 'watchify example/app.js -o example/bundle.js -v',
102 silly install resolved        transform: 'babel index.js --out-file index.es5.js',
102 silly install resolved        'build-watch': 'watchify index.js -s AvatarEditor -d -o dist/build.js -v',
102 silly install resolved        'build-debug': 'browserify index.js -d -s AvatarEditor > dist/build.js' },
102 silly install resolved     author: { name: 'Moritz Schwoerer', email: 'mr.mosch@gmail.com' },
102 silly install resolved     contributors: [ [Object] ],
102 silly install resolved     repository:
102 silly install resolved      { type: 'git',
102 silly install resolved        url: 'git://github.com/mosch/react-avatar-editor.git' },
102 silly install resolved     license: 'MIT',
102 silly install resolved     keywords:
102 silly install resolved      [ 'react-component',
102 silly install resolved        'reactjs',
102 silly install resolved        'react',
102 silly install resolved        'canvas',
102 silly install resolved        'avatar',
102 silly install resolved        'editor',
102 silly install resolved        'profile',
102 silly install resolved        'image' ],
102 silly install resolved     devDependencies:
102 silly install resolved      { babel: '^5.5.8',
102 silly install resolved        react: '0.13.x',
102 silly install resolved        'http-server': '^0.7.4',
102 silly install resolved        watchify: '^3.2.2',
102 silly install resolved        reactify: '0.17.1',
102 silly install resolved        uglifyjs: '^2.4.10' },
102 silly install resolved     gitHead: 'fa6d55e824c630c71dbe78fbdf567d9c3dbcaa63',
102 silly install resolved     bugs: { url: 'https://github.com/mosch/react-avatar-editor/issues' },
102 silly install resolved     homepage: 'https://github.com/mosch/react-avatar-editor',
102 silly install resolved     _id: 'react-avatar-editor@1.3.6',
102 silly install resolved     _shasum: 'f418c893536b6a3c8a0b83059cf5b2b7b8278204',
102 silly install resolved     _from: 'react-avatar-editor@*',
102 silly install resolved     _npmVersion: '2.5.1',
102 silly install resolved     _nodeVersion: '0.12.4',
102 silly install resolved     _npmUser: { name: 'moritzs', email: 'mr.mosch@gmail.com' },
102 silly install resolved     maintainers: [ [Object] ],
102 silly install resolved     dist:
102 silly install resolved      { shasum: 'f418c893536b6a3c8a0b83059cf5b2b7b8278204',
102 silly install resolved        tarball: 'http://registry.npmjs.org/react-avatar-editor/-/react-avatar-editor-1.3.6.tgz' },
102 silly install resolved     directories: {},
102 silly install resolved     _resolved: 'https://registry.npmjs.org/react-avatar-editor/-/react-avatar-editor-1.3.6.tgz',
102 silly install resolved     readme: 'ERROR: No README data found!' } ]
103 info install react-avatar-editor@1.3.6 into /Users/Richie/Documents/Github/SoundHub
104 info installOne react-avatar-editor@1.3.6
105 verbose installOne of react-avatar-editor to /Users/Richie/Documents/Github/SoundHub not in flight; installing
106 verbose lock using /Users/Richie/.npm/_locks/react-avatar-editor-1ab5100cd180831e.lock for /Users/Richie/Documents/Github/SoundHub/node_modules/react-avatar-editor
107 silly install write writing react-avatar-editor 1.3.6 to /Users/Richie/Documents/Github/SoundHub/node_modules/react-avatar-editor
108 verbose unbuild node_modules/react-avatar-editor
109 info preuninstall react-avatar-editor@1.3.6
110 info uninstall react-avatar-editor@1.3.6
111 verbose unbuild rmStuff react-avatar-editor@1.3.6 from /Users/Richie/Documents/Github/SoundHub/node_modules
112 info postuninstall react-avatar-editor@1.3.6
113 silly gentlyRm /Users/Richie/Documents/Github/SoundHub/node_modules/react-avatar-editor is being purged from base /Users/Richie/Documents/Github/SoundHub
114 verbose gentlyRm don't care about contents; nuking /Users/Richie/Documents/Github/SoundHub/node_modules/react-avatar-editor
115 silly vacuum-fs purging /Users/Richie/Documents/Github/SoundHub/node_modules/react-avatar-editor
116 silly vacuum-fs quitting because other entries in /Users/Richie/Documents/Github/SoundHub/node_modules
117 verbose tar unpack /Users/Richie/.npm/react-avatar-editor/1.3.6/package.tgz
118 verbose tar unpacking to /Users/Richie/Documents/Github/SoundHub/node_modules/react-avatar-editor
119 silly gentlyRm /Users/Richie/Documents/Github/SoundHub/node_modules/react-avatar-editor is being purged
120 verbose gentlyRm don't care about contents; nuking /Users/Richie/Documents/Github/SoundHub/node_modules/react-avatar-editor
121 silly gunzTarPerm modes [ '755', '644' ]
122 silly gunzTarPerm extractEntry package.json
123 silly gunzTarPerm extractEntry .npmignore
124 silly gunzTarPerm extractEntry README.md
125 silly gunzTarPerm extractEntry LICENSE
126 silly gunzTarPerm extractEntry index.es5.js
127 silly gunzTarPerm extractEntry index.js
128 silly gunzTarPerm extractEntry example/app.js
129 silly gunzTarPerm extractEntry example/bundle.js
130 silly gunzTarPerm extractEntry example/avatar.jpg
131 silly gunzTarPerm extractEntry images/arrow-down.png
132 silly gunzTarPerm extractEntry images/octocat-small.png
133 silly gunzTarPerm extractEntry index.html
134 silly gunzTarPerm extractEntry .idea/.name
135 silly gunzTarPerm extractEntry .idea/encodings.xml
136 silly gunzTarPerm extractEntry .idea/misc.xml
137 silly gunzTarPerm extractEntry .idea/modules.xml
138 silly gunzTarPerm extractEntry .idea/react-avatar-editor.iml
139 silly gunzTarPerm extractEntry .idea/scopes/scope_settings.xml
140 silly gunzTarPerm extractEntry .idea/vcs.xml
141 silly gunzTarPerm extractEntry .idea/workspace.xml
142 silly gunzTarPerm extractEntry javascripts/scale.fix.js
143 silly gunzTarPerm extractEntry params.json
144 silly gunzTarPerm extractEntry dist/build.js
145 silly gunzTarPerm extractEntry dist/build.min.js
146 silly gunzTarPerm extractEntry stylesheets/pygment_trac.css
147 silly gunzTarPerm extractEntry stylesheets/styles.css
148 verbose write writing to /Users/Richie/Documents/Github/SoundHub/node_modules/react-avatar-editor/package.json
149 info preinstall react-avatar-editor@1.3.6
150 verbose readDependencies loading dependencies from /Users/Richie/Documents/Github/SoundHub/node_modules/react-avatar-editor/package.json
151 verbose readDependencies loading dependencies from /Users/Richie/Documents/Github/SoundHub/node_modules/react-avatar-editor/package.json
152 silly install resolved []
153 verbose about to build /Users/Richie/Documents/Github/SoundHub/node_modules/react-avatar-editor
154 info build /Users/Richie/Documents/Github/SoundHub/node_modules/react-avatar-editor
155 info linkStuff react-avatar-editor@1.3.6
156 silly linkStuff react-avatar-editor@1.3.6 has /Users/Richie/Documents/Github/SoundHub/node_modules as its parent node_modules
157 verbose linkBins react-avatar-editor@1.3.6
158 verbose linkMans react-avatar-editor@1.3.6
159 verbose rebuildBundles react-avatar-editor@1.3.6
160 info install react-avatar-editor@1.3.6
161 info postinstall react-avatar-editor@1.3.6
162 verbose unlock done using /Users/Richie/.npm/_locks/react-avatar-editor-1ab5100cd180831e.lock for /Users/Richie/Documents/Github/SoundHub/node_modules/react-avatar-editor
163 verbose validateInstall loading /Users/Richie/Documents/Github/SoundHub/package.json for validation
164 verbose stack Error: The package react@0.13.3 does not satisfy its siblings' peerDependencies requirements!
164 verbose stack     at /usr/local/lib/node_modules/npm/lib/install.js:125:32
164 verbose stack     at /usr/local/lib/node_modules/npm/lib/install.js:268:7
164 verbose stack     at /usr/local/lib/node_modules/npm/node_modules/read-installed/read-installed.js:142:5
164 verbose stack     at /usr/local/lib/node_modules/npm/node_modules/read-installed/read-installed.js:263:14
164 verbose stack     at cb (/usr/local/lib/node_modules/npm/node_modules/slide/lib/async-map.js:47:24)
164 verbose stack     at /usr/local/lib/node_modules/npm/node_modules/read-installed/read-installed.js:263:14
164 verbose stack     at cb (/usr/local/lib/node_modules/npm/node_modules/slide/lib/async-map.js:47:24)
164 verbose stack     at /usr/local/lib/node_modules/npm/node_modules/read-installed/read-installed.js:263:14
164 verbose stack     at cb (/usr/local/lib/node_modules/npm/node_modules/slide/lib/async-map.js:47:24)
164 verbose stack     at /usr/local/lib/node_modules/npm/node_modules/read-installed/read-installed.js:263:14
165 verbose cwd /Users/Richie/Documents/Github/SoundHub
166 error Darwin 14.4.0
167 error argv "node" "/usr/local/bin/npm" "install" "react-avatar-editor"
168 error node v0.12.5
169 error npm  v2.13.5
170 error code EPEERINVALID
171 error peerinvalid The package react@0.13.3 does not satisfy its siblings' peerDependencies requirements!
171 error peerinvalid Peer react-bootstrap@0.24.5 wants react@>=0.13
171 error peerinvalid Peer react-router@0.13.3 wants react@0.13.x
171 error peerinvalid Peer react-s3-uploader@1.1.13 wants react@*
171 error peerinvalid Peer react-bootstrap-select@0.13.0 wants react@^0.12.2
172 verbose exit [ 1, true ]
